
-------
19/03/2020 19:03:48
-------

Error executing 'IF (NOT EXISTS(SELECT 1
           FROM INFORMATION_SCHEMA.TABLES
           WHERE TABLE_SCHEMA = 'dbo'
             AND TABLE_NAME = 'credentials'))
    BEGIN
        CREATE TABLE credentials
        (
            id    INT IDENTITY (1, 1) PRIMARY KEY,
            email VARCHAR(50) UNIQUE NOT NULL,
            hash  VARCHAR(64) UNIQUE NOT NULL,
            salt  BINARY(25)         NOT NULL
        ) ' (line 13): Incorrect syntax near ')'.

-------
19/05/2020 19:05:18
-------


-------
19/10/2020 19:10:16
-------


-------
19/13/2020 19:13:40
-------


-------
19/16/2020 19:16:29
-------


-------
19/18/2020 19:18:06
-------


-------
19/19/2020 19:19:41
-------


-------
19/22/2020 19:22:17
-------


-------
19/24/2020 19:24:35
-------


-------
19/29/2020 19:29:01
-------


-------
19/32/2020 19:32:43
-------


-------
19/57/2020 19:57:18
-------


-------
19/57/2020 19:57:50
-------


-------
19/59/2020 19:59:08
-------


-------
19/00/2020 20:00:17
-------


-------
19/02/2020 20:02:13
-------


-------
19/02/2020 20:02:38
-------


-------
19/04/2020 20:04:38
-------


-------
19/19/2020 20:19:39
-------


-------
19/21/2020 20:21:00
-------


-------
19/23/2020 20:23:39
-------


-------
19/24/2020 20:24:33
-------

